#
# A fatal error has been detected by the Java Runtime Environment:
#
#  SIGBUS (0xa) at pc=0x0000000109b45fd9, pid=1726, tid=0x0000000000001703
#
# JRE version: OpenJDK Runtime Environment (8.0_152-b08) (build 1.8.0_152-release-915-b08)
# Java VM: OpenJDK 64-Bit Server VM (25.152-b08 mixed mode bsd-amd64 compressed oops)
# Problematic frame:
# V  [libjvm.dylib+0x1c6fd9]
#
# Failed to write core dump. Core dumps have been disabled. To enable core dumping, try "ulimit -c unlimited" before starting Java again
#
# If you would like to submit a bug report, please visit:
#   http://bugreport.java.com/bugreport/crash.jsp
#

---------------  T H R E A D  ---------------

Current thread (0x00007fc481825800):  JavaThread "main" [_thread_in_vm, id=5891, stack(0x000070000011a000,0x000070000021a000)]

siginfo: si_signo: 10 (SIGBUS), si_code: 2 (BUS_ADRERR), si_addr: 0x00000001205aa94a

Registers:
RAX=0x000000000000b600, RBX=0x000000012054f8f8, RCX=0x0000000000194220, RDX=0x0000000000000000
RSP=0x0000700000218720, RBP=0x0000700000218730, RSI=0x0000000000001350, RDI=0x000000012054f8f8
R8 =0x000000010a8d1000, R9 =0x0000000000000008, R10=0x000000010a17b040, R11=0x0000000000000008
R12=0x0000000000000000, R13=0x00007fc481825800, R14=0x00007000002187e0, R15=0x00007fc481825800
RIP=0x0000000109b45fd9, EFLAGS=0x0000000000010202, ERR=0x0000000000000004
  TRAPNO=0x000000000000000e

Top of Stack: (sp=0x0000700000218720)
0x0000700000218720:   0000700000218778 00000001205501a8
0x0000700000218730:   00007000002188c0 0000000109c37d95
0x0000700000218740:   00007fc481825800 00007fc481825800
0x0000700000218750:   00000000000000b6 000000012056c3f8
0x0000700000218760:   0000000796180548 0000000000000007
0x0000700000218770:   000000010a8fe923 0000000120550070
0x0000700000218780:   00000007000000b6 00000001205501a8
0x0000700000218790:   00007fc481825800 00007fc481825800
0x00007000002187a0:   00007fc481825800 000000010abbd534
0x00007000002187b0:   00007fc48140b9c0 00007fc48140e0c0
0x00007000002187c0:   00007fc48140e0d0 00007fc48140e4a8
0x00007000002187d0:   00000000000003d8 000000010a8d6310
0x00007000002187e0:   00000001205501a8 00007fc481825800
0x00007000002187f0:   00007000002188d8 000000010a8fe923
0x0000700000218800:   000000010a8d6310 0000000700000000
0x0000700000218810:   0000700000218928 00007000002188d8
0x0000700000218820:   7c4a0b487c4a0b48 0000000797cc6af0
0x0000700000218830:   0000000100000010 0000000797b139a0
0x0000700000218840:   000000010a8d6310 00007fc400000000
0x0000700000218850:   00007000002189b8 0000700000218958
0x0000700000218860:   00007000002188c8 000000010a8d8ed4
0x0000700000218870:   000000010a8d8ed4 0000000796180548
0x0000700000218880:   0000000797b139d8 0000700000218888
0x0000700000218890:   000000b61ecc5185 00000000000000b6
0x00007000002188a0:   0000000000000000 0000000120550070
0x00007000002188b0:   0000700000218970 00007fc481825800
0x00007000002188c0:   0000700000218928 000000010a8fe968
0x00007000002188d0:   000000010a8fe923 0000000795b1c650
0x00007000002188e0:   0000000797b139d8 00007000002188e8
0x00007000002188f0:   0000000120550070 0000700000218970
0x0000700000218900:   0000000120551280 0000000000000000
0x0000700000218910:   00000001205501a8 0000000000000000 

Instructions: (pc=0x0000000109b45fd9)
0x0000000109b45fb9:   00 48 23 54 08 10 48 8d 44 d7 50 eb e0 55 48 89
0x0000000109b45fc9:   e5 53 50 48 89 fb 0f b6 d2 e8 91 ff ff ff 48 98
0x0000000109b45fd9:   0f b7 44 c3 52 48 8b 44 c3 50 48 83 c4 08 5b 5d
0x0000000109b45fe9:   c3 55 48 89 e5 48 63 c6 0f b7 44 c7 52 5d c3 55 

Register to memory mapping:

RAX=0x000000000000b600 is an unknown value
RBX=0x000000012054f8f8 is pointing into metadata
RCX=0x0000000000194220 is an unknown value
RDX=0x0000000000000000 is an unknown value
RSP=0x0000700000218720 is pointing into the stack for thread: 0x00007fc481825800
RBP=0x0000700000218730 is pointing into the stack for thread: 0x00007fc481825800
RSI=0x0000000000001350 is an unknown value
RDI=0x000000012054f8f8 is pointing into metadata
R8 =0x000000010a8d1000 is an unknown value
R9 =0x0000000000000008 is an unknown value
R10=0x000000010a17b040: _ZN19TemplateInterpreter13_active_tableE+0x4000 in /Applications/Android Studio.app/Contents/jre/jdk/Contents/Home/jre/lib/server/libjvm.dylib at 0x000000010997f000
R11=0x0000000000000008 is an unknown value
R12=0x0000000000000000 is an unknown value
R13=0x00007fc481825800 is a thread
R14=0x00007000002187e0 is pointing into the stack for thread: 0x00007fc481825800
R15=0x00007fc481825800 is a thread


Stack: [0x000070000011a000,0x000070000021a000],  sp=0x0000700000218720,  free space=1017k
Native frames: (J=compiled Java code, j=interpreted, Vv=VM code, C=native code)
V  [libjvm.dylib+0x1c6fd9]
V  [libjvm.dylib+0x2b8d95]
j  com.moviepocket.features.moviesList.data.MovieRepository.getMovies(Ljava/lang/String;Ljava/lang/String;Lkotlin/jvm/functions/Function3;)V+16
j  com.moviepocket.features.moviesList.viewmodel.MoviesViewModel.listMovies(Ljava/lang/String;)V+181
j  com.moviepocket.ExampleUnitTest.getMoviesList_Success()V+64
v  ~StubRoutines::call_stub
V  [libjvm.dylib+0x2bf2fd]
V  [libjvm.dylib+0x47d8f7]
V  [libjvm.dylib+0x47e357]
V  [libjvm.dylib+0x3063cd]
j  sun.reflect.NativeMethodAccessorImpl.invoke0(Ljava/lang/reflect/Method;Ljava/lang/Object;[Ljava/lang/Object;)Ljava/lang/Object;+0
j  sun.reflect.NativeMethodAccessorImpl.invoke(Ljava/lang/Object;[Ljava/lang/Object;)Ljava/lang/Object;+100
J 917 C1 sun.reflect.DelegatingMethodAccessorImpl.invoke(Ljava/lang/Object;[Ljava/lang/Object;)Ljava/lang/Object; (10 bytes) @ 0x000000010ac624ec [0x000000010ac623c0+0x12c]
J 738 C1 java.lang.reflect.Method.invoke(Ljava/lang/Object;[Ljava/lang/Object;)Ljava/lang/Object; (62 bytes) @ 0x000000010ac0314c [0x000000010ac02d20+0x42c]
j  org.junit.runners.model.FrameworkMethod$1.runReflectiveCall()Ljava/lang/Object;+15
j  org.junit.internal.runners.model.ReflectiveCallable.run()Ljava/lang/Object;+1
j  org.junit.runners.model.FrameworkMethod.invokeExplosively(Ljava/lang/Object;[Ljava/lang/Object;)Ljava/lang/Object;+10
j  org.junit.internal.runners.statements.InvokeMethod.evaluate()V+12
j  org.junit.internal.runners.statements.RunBefores.evaluate()V+49
j  org.junit.runners.ParentRunner.runLeaf(Lorg/junit/runners/model/Statement;Lorg/junit/runner/Description;Lorg/junit/runner/notification/RunNotifier;)V+17
j  org.junit.runners.BlockJUnit4ClassRunner.runChild(Lorg/junit/runners/model/FrameworkMethod;Lorg/junit/runner/notification/RunNotifier;)V+30
j  org.junit.runners.BlockJUnit4ClassRunner.runChild(Ljava/lang/Object;Lorg/junit/runner/notification/RunNotifier;)V+6
j  org.junit.runners.ParentRunner$3.run()V+12
j  org.junit.runners.ParentRunner$1.schedule(Ljava/lang/Runnable;)V+1
j  org.junit.runners.ParentRunner.runChildren(Lorg/junit/runner/notification/RunNotifier;)V+44
j  org.junit.runners.ParentRunner.access$000(Lorg/junit/runners/ParentRunner;Lorg/junit/runner/notification/RunNotifier;)V+2
j  org.junit.runners.ParentRunner$2.evaluate()V+8
j  org.junit.runners.ParentRunner.run(Lorg/junit/runner/notification/RunNotifier;)V+20
j  org.junit.runner.JUnitCore.run(Lorg/junit/runner/Runner;)Lorg/junit/runner/Result;+37
j  com.intellij.junit4.JUnit4IdeaTestRunner.startRunnerWithArgs([Ljava/lang/String;Ljava/lang/String;IZ)I+146
j  com.intellij.rt.execution.junit.IdeaTestRunner$Repeater.startRunnerWithArgs(Lcom/intellij/rt/execution/junit/IdeaTestRunner;[Ljava/lang/String;Ljava/util/ArrayList;Ljava/lang/String;IZ)I+20
j  com.intellij.rt.execution.junit.JUnitStarter.prepareStreamsAndStart([Ljava/lang/String;Ljava/lang/String;Ljava/util/ArrayList;Ljava/lang/String;)I+116
j  com.intellij.rt.execution.junit.JUnitStarter.main([Ljava/lang/String;)V+116
v  ~StubRoutines::call_stub
V  [libjvm.dylib+0x2bf2fd]
V  [libjvm.dylib+0x2d02ae]
V  [libjvm.dylib+0x2d2c50]
C  [java+0x3c58]  JavaMain+0x9e7
C  [libsystem_pthread.dylib+0x399d]  _pthread_body+0x83
C  [libsystem_pthread.dylib+0x391a]  _pthread_body+0x0
C  [libsystem_pthread.dylib+0x1351]  thread_start+0xd
C  0x0000000000000000

Java frames: (J=compiled Java code, j=interpreted, Vv=VM code)
j  com.moviepocket.features.moviesList.data.MovieRepository.getMovies(Ljava/lang/String;Ljava/lang/String;Lkotlin/jvm/functions/Function3;)V+16
j  com.moviepocket.features.moviesList.viewmodel.MoviesViewModel.listMovies(Ljava/lang/String;)V+181
j  com.moviepocket.ExampleUnitTest.getMoviesList_Success()V+64
v  ~StubRoutines::call_stub
j  sun.reflect.NativeMethodAccessorImpl.invoke0(Ljava/lang/reflect/Method;Ljava/lang/Object;[Ljava/lang/Object;)Ljava/lang/Object;+0
j  sun.reflect.NativeMethodAccessorImpl.invoke(Ljava/lang/Object;[Ljava/lang/Object;)Ljava/lang/Object;+100
J 917 C1 sun.reflect.DelegatingMethodAccessorImpl.invoke(Ljava/lang/Object;[Ljava/lang/Object;)Ljava/lang/Object; (10 bytes) @ 0x000000010ac624ec [0x000000010ac623c0+0x12c]
J 738 C1 java.lang.reflect.Method.invoke(Ljava/lang/Object;[Ljava/lang/Object;)Ljava/lang/Object; (62 bytes) @ 0x000000010ac0314c [0x000000010ac02d20+0x42c]
j  org.junit.runners.model.FrameworkMethod$1.runReflectiveCall()Ljava/lang/Object;+15
j  org.junit.internal.runners.model.ReflectiveCallable.run()Ljava/lang/Object;+1
j  org.junit.runners.model.FrameworkMethod.invokeExplosively(Ljava/lang/Object;[Ljava/lang/Object;)Ljava/lang/Object;+10
j  org.junit.internal.runners.statements.InvokeMethod.evaluate()V+12
j  org.junit.internal.runners.statements.RunBefores.evaluate()V+49
j  org.junit.runners.ParentRunner.runLeaf(Lorg/junit/runners/model/Statement;Lorg/junit/runner/Description;Lorg/junit/runner/notification/RunNotifier;)V+17
j  org.junit.runners.BlockJUnit4ClassRunner.runChild(Lorg/junit/runners/model/FrameworkMethod;Lorg/junit/runner/notification/RunNotifier;)V+30
j  org.junit.runners.BlockJUnit4ClassRunner.runChild(Ljava/lang/Object;Lorg/junit/runner/notification/RunNotifier;)V+6
j  org.junit.runners.ParentRunner$3.run()V+12
j  org.junit.runners.ParentRunner$1.schedule(Ljava/lang/Runnable;)V+1
j  org.junit.runners.ParentRunner.runChildren(Lorg/junit/runner/notification/RunNotifier;)V+44
j  org.junit.runners.ParentRunner.access$000(Lorg/junit/runners/ParentRunner;Lorg/junit/runner/notification/RunNotifier;)V+2
j  org.junit.runners.ParentRunner$2.evaluate()V+8
j  org.junit.runners.ParentRunner.run(Lorg/junit/runner/notification/RunNotifier;)V+20
j  org.junit.runner.JUnitCore.run(Lorg/junit/runner/Runner;)Lorg/junit/runner/Result;+37
j  com.intellij.junit4.JUnit4IdeaTestRunner.startRunnerWithArgs([Ljava/lang/String;Ljava/lang/String;IZ)I+146
j  com.intellij.rt.execution.junit.IdeaTestRunner$Repeater.startRunnerWithArgs(Lcom/intellij/rt/execution/junit/IdeaTestRunner;[Ljava/lang/String;Ljava/util/ArrayList;Ljava/lang/String;IZ)I+20
j  com.intellij.rt.execution.junit.JUnitStarter.prepareStreamsAndStart([Ljava/lang/String;Ljava/lang/String;Ljava/util/ArrayList;Ljava/lang/String;)I+116
j  com.intellij.rt.execution.junit.JUnitStarter.main([Ljava/lang/String;)V+116
v  ~StubRoutines::call_stub

---------------  P R O C E S S  ---------------

Java Threads: ( => current thread )
  0x00007fc481a55800 JavaThread "Attach Listener" daemon [_thread_blocked, id=20495, stack(0x0000700000fc7000,0x00007000010c7000)]
  0x00007fc482114800 JavaThread "Service Thread" daemon [_thread_blocked, id=18435, stack(0x0000700000dc1000,0x0000700000ec1000)]
  0x00007fc4818d7000 JavaThread "C1 CompilerThread1" daemon [_thread_blocked, id=17923, stack(0x0000700000cbe000,0x0000700000dbe000)]
  0x00007fc48185d000 JavaThread "C2 CompilerThread0" daemon [_thread_blocked, id=17411, stack(0x0000700000bbb000,0x0000700000cbb000)]
  0x00007fc482036000 JavaThread "JDWP Command Reader" daemon [_thread_in_native, id=16899, stack(0x0000700000ab8000,0x0000700000bb8000)]
  0x00007fc48185b800 JavaThread "JDWP Event Helper Thread" daemon [_thread_blocked, id=16387, stack(0x00007000009b5000,0x0000700000ab5000)]
  0x00007fc482031800 JavaThread "JDWP Transport Listener: dt_socket" daemon [_thread_blocked, id=15875, stack(0x00007000008b2000,0x00007000009b2000)]
  0x00007fc481843800 JavaThread "Signal Dispatcher" daemon [_thread_blocked, id=12299, stack(0x00007000007af000,0x00007000008af000)]
  0x00007fc481840000 JavaThread "Finalizer" daemon [_thread_blocked, id=11267, stack(0x0000700000629000,0x0000700000729000)]
  0x00007fc481826000 JavaThread "Reference Handler" daemon [_thread_blocked, id=10755, stack(0x0000700000526000,0x0000700000626000)]
=>0x00007fc481825800 JavaThread "main" [_thread_in_vm, id=5891, stack(0x000070000011a000,0x000070000021a000)]

Other Threads:
  0x00007fc48205c000 VMThread [stack: 0x0000700000423000,0x0000700000523000] [id=10243]
  0x00007fc4818e8000 WatcherThread [stack: 0x0000700000ec4000,0x0000700000fc4000] [id=18947]

VM state:not at safepoint (normal execution)

VM Mutex/Monitor currently owned by a thread: None

Heap:
 PSYoungGen      total 38400K, used 19899K [0x0000000795580000, 0x0000000798000000, 0x00000007c0000000)
  eden space 33280K, 45% used [0x0000000795580000,0x0000000796456448,0x0000000797600000)
  from space 5120K, 91% used [0x0000000797b00000,0x0000000797f98968,0x0000000798000000)
  to   space 5120K, 0% used [0x0000000797600000,0x0000000797600000,0x0000000797b00000)
 ParOldGen       total 87552K, used 16K [0x0000000740000000, 0x0000000745580000, 0x0000000795580000)
  object space 87552K, 0% used [0x0000000740000000,0x0000000740004000,0x0000000745580000)
 Metaspace       used 10854K, capacity 11056K, committed 11136K, reserved 1058816K
  class space    used 1519K, capacity 1604K, committed 1664K, reserved 1048576K

Card table byte_map: [0x0000000119c91000,0x000000011a092000] byte_map_base: 0x0000000116291000

Marking Bits: (ParMarkBitMap*) 0x000000010a176128
 Begin Bits: [0x000000011a33d000, 0x000000011c33d000)
 End Bits:   [0x000000011c33d000, 0x000000011e33d000)

Polling page: 0x000000010a3f5000

CodeCache: size=245760Kb used=4185Kb max_used=4210Kb free=241574Kb
 bounds [0x000000010a8d1000, 0x000000010ad01000, 0x00000001198d1000]
 total_blobs=1438 nmethods=1116 adapters=245
 compilation: enabled

Compilation events (10 events):
Event: 4.902 Thread 0x00007fc4818d7000 nmethod 1119 0x000000010acc4050 code [0x000000010acc41a0, 0x000000010acc42f0]
Event: 5.146 Thread 0x00007fc48185d000 nmethod 1108 0x000000010ace0490 code [0x000000010ace07e0, 0x000000010ace2038]
Event: 5.146 Thread 0x00007fc48185d000 1072       4       java.lang.String::substring (79 bytes)
Event: 5.175 Thread 0x00007fc48185d000 nmethod 1072 0x000000010acdc990 code [0x000000010acdcb20, 0x000000010acdd018]
Event: 5.175 Thread 0x00007fc48185d000 1040       4       java.lang.AbstractStringBuilder::<init> (12 bytes)
Event: 5.176 Thread 0x00007fc48185d000 nmethod 1040 0x000000010acdd390 code [0x000000010acdd4e0, 0x000000010acdd618]
Event: 5.176 Thread 0x00007fc48185d000 1043       4       java.lang.StringBuilder::toString (17 bytes)
Event: 5.238 Thread 0x00007fc48185d000 nmethod 1043 0x000000010accf250 code [0x000000010accf3c0, 0x000000010accf7f8]
Event: 5.238 Thread 0x00007fc48185d000 1033       4       java.net.URLStreamHandler::parseURL (1193 bytes)
Event: 5.403 Thread 0x00007fc48185d000 nmethod 1033 0x000000010aceab50 code [0x000000010aceb000, 0x000000010acee688]

GC Heap History (4 events):
Event: 3.548 GC heap before
{Heap before GC invocations=1 (full 0):
 PSYoungGen      total 38400K, used 33280K [0x0000000795580000, 0x0000000798000000, 0x00000007c0000000)
  eden space 33280K, 100% used [0x0000000795580000,0x0000000797600000,0x0000000797600000)
  from space 5120K, 0% used [0x0000000797b00000,0x0000000797b00000,0x0000000798000000)
  to   space 5120K, 0% used [0x0000000797600000,0x0000000797600000,0x0000000797b00000)
 ParOldGen       total 87552K, used 0K [0x0000000740000000, 0x0000000745580000, 0x0000000795580000)
  object space 87552K, 0% used [0x0000000740000000,0x0000000740000000,0x0000000745580000)
 Metaspace       used 6760K, capacity 6854K, committed 7040K, reserved 1056768K
  class space    used 812K, capacity 857K, committed 896K, reserved 1048576K
Event: 3.555 GC heap after
Heap after GC invocations=1 (full 0):
 PSYoungGen      total 38400K, used 2566K [0x0000000795580000, 0x0000000798000000, 0x00000007c0000000)
  eden space 33280K, 0% used [0x0000000795580000,0x0000000795580000,0x0000000797600000)
  from space 5120K, 50% used [0x0000000797600000,0x0000000797881958,0x0000000797b00000)
  to   space 5120K, 0% used [0x0000000797b00000,0x0000000797b00000,0x0000000798000000)
 ParOldGen       total 87552K, used 8K [0x0000000740000000, 0x0000000745580000, 0x0000000795580000)
  object space 87552K, 0% used [0x0000000740000000,0x0000000740002000,0x0000000745580000)
 Metaspace       used 6760K, capacity 6854K, committed 7040K, reserved 1056768K
  class space    used 812K, capacity 857K, committed 896K, reserved 1048576K
}
Event: 4.503 GC heap before
{Heap before GC invocations=2 (full 0):
 PSYoungGen      total 38400K, used 35846K [0x0000000795580000, 0x0000000798000000, 0x00000007c0000000)
  eden space 33280K, 100% used [0x0000000795580000,0x0000000797600000,0x0000000797600000)
  from space 5120K, 50% used [0x0000000797600000,0x0000000797881958,0x0000000797b00000)
  to   space 5120K, 0% used [0x0000000797b00000,0x0000000797b00000,0x0000000798000000)
 ParOldGen       total 87552K, used 8K [0x0000000740000000, 0x0000000745580000, 0x0000000795580000)
  object space 87552K, 0% used [0x0000000740000000,0x0000000740002000,0x0000000745580000)
 Metaspace       used 10229K, capacity 10392K, committed 10496K, reserved 1058816K
  class space    used 1404K, capacity 1472K, committed 1536K, reserved 1048576K
Event: 4.516 GC heap after
Heap after GC invocations=2 (full 0):
 PSYoungGen      total 38400K, used 4706K [0x0000000795580000, 0x0000000798000000, 0x00000007c0000000)
  eden space 33280K, 0% used [0x0000000795580000,0x0000000795580000,0x0000000797600000)
  from space 5120K, 91% used [0x0000000797b00000,0x0000000797f98968,0x0000000798000000)
  to   space 5120K, 0% used [0x0000000797600000,0x0000000797600000,0x0000000797b00000)
 ParOldGen       total 87552K, used 16K [0x0000000740000000, 0x0000000745580000, 0x0000000795580000)
  object space 87552K, 0% used [0x0000000740000000,0x0000000740004000,0x0000000745580000)
 Metaspace       used 10229K, capacity 10392K, committed 10496K, reserved 1058816K
  class space    used 1404K, capacity 1472K, committed 1536K, reserved 1048576K
}

Deoptimization events (10 events):
Event: 2.129 Thread 0x00007fc481825800 Uncommon trap: reason=unstable_if action=reinterpret pc=0x000000010aa05bd4 method=java.lang.String.indexOf([CII[CIII)I @ 123
Event: 3.002 Thread 0x00007fc481825800 Uncommon trap: reason=unstable_if action=reinterpret pc=0x000000010ab1b0f8 method=java.io.BufferedReader.read()I @ 19
Event: 3.017 Thread 0x00007fc481825800 Uncommon trap: reason=unstable_if action=reinterpret pc=0x000000010aa68e14 method=java.lang.AbstractStringBuilder.append(Ljava/lang/String;)Ljava/lang/AbstractStringBuilder; @ 1
Event: 3.259 Thread 0x00007fc481825800 Uncommon trap: reason=unstable_if action=reinterpret pc=0x000000010aa659d0 method=java.lang.String.indexOf([CII[CIII)I @ 3
Event: 3.764 Thread 0x00007fc481825800 Uncommon trap: reason=range_check action=make_not_entrant pc=0x000000010ab98c34 method=sun.reflect.generics.parser.SignatureParser.current()C @ 34
Event: 4.002 Thread 0x00007fc481825800 Uncommon trap: reason=class_check action=maybe_recompile pc=0x000000010abcb5a4 method=java.util.HashMap.putVal(ILjava/lang/Object;Ljava/lang/Object;ZZ)Ljava/lang/Object; @ 203
Event: 4.002 Thread 0x00007fc481825800 Uncommon trap: reason=class_check action=maybe_recompile pc=0x000000010abcb5a4 method=java.util.HashMap.putVal(ILjava/lang/Object;Ljava/lang/Object;ZZ)Ljava/lang/Object; @ 203
Event: 4.002 Thread 0x00007fc481825800 Uncommon trap: reason=class_check action=maybe_recompile pc=0x000000010abcb5a4 method=java.util.HashMap.putVal(ILjava/lang/Object;Ljava/lang/Object;ZZ)Ljava/lang/Object; @ 203
Event: 4.003 Thread 0x00007fc481825800 Uncommon trap: reason=class_check action=maybe_recompile pc=0x000000010abcb5a4 method=java.util.HashMap.putVal(ILjava/lang/Object;Ljava/lang/Object;ZZ)Ljava/lang/Object; @ 203
Event: 4.186 Thread 0x00007fc481825800 Uncommon trap: reason=unstable_if action=reinterpret pc=0x000000010abb28e0 method=java.lang.String.lastIndexOf([CII[CIII)I @ 66

Classes redefined (2 events):
Event: 4.655 Thread 0x00007fc48205c000 redefined class name=java.lang.Object, count=1
Event: 4.658 Thread 0x00007fc48205c000 redefined class name=com.moviepocket.features.moviesList.data.MovieRepository, count=2

Internal exceptions (10 events):
Event: 2.135 Thread 0x00007fc481825800 Exception <a 'java/security/PrivilegedActionException'> (0x0000000795a69ee8) thrown at [/Volumes/android/AOSP-openjdk-git/jdk8u/hotspot/src/share/vm/prims/jvm.cpp, line 1390]
Event: 2.135 Thread 0x00007fc481825800 Exception <a 'java/security/PrivilegedActionException'> (0x0000000795a6b2f0) thrown at [/Volumes/android/AOSP-openjdk-git/jdk8u/hotspot/src/share/vm/prims/jvm.cpp, line 1390]
Event: 2.135 Thread 0x00007fc481825800 Exception <a 'java/security/PrivilegedActionException'> (0x0000000795a6b500) thrown at [/Volumes/android/AOSP-openjdk-git/jdk8u/hotspot/src/share/vm/prims/jvm.cpp, line 1390]
Event: 2.913 Thread 0x00007fc481825800 Exception <a 'java/lang/reflect/InvocationTargetException'> (0x0000000796be6e70) thrown at [/Volumes/android/AOSP-openjdk-git/jdk8u/hotspot/src/share/vm/runtime/reflection.cpp, line 1092]
Event: 3.017 Thread 0x00007fc481825800 Implicit null exception at 0x000000010aa68934 to 0x000000010aa68dfd
Event: 3.742 Thread 0x00007fc481825800 Exception <a 'java/lang/ArrayIndexOutOfBoundsException'> (0x000000079637e8a0) thrown at [/Volumes/android/AOSP-openjdk-git/jdk8u/hotspot/src/share/vm/runtime/sharedRuntime.cpp, line 605]
Event: 3.765 Thread 0x00007fc481825800 Exception <a 'java/lang/ArrayIndexOutOfBoundsException': 22> (0x00000007964a24e0) thrown at [/Volumes/android/AOSP-openjdk-git/jdk8u/hotspot/src/share/vm/interpreter/interpreterRuntime.cpp, line 366]
Event: 3.766 Thread 0x00007fc481825800 Exception <a 'java/lang/ArrayIndexOutOfBoundsException': 160> (0x00000007964a7158) thrown at [/Volumes/android/AOSP-openjdk-git/jdk8u/hotspot/src/share/vm/interpreter/interpreterRuntime.cpp, line 366]
Event: 4.337 Thread 0x00007fc481825800 Exception <a 'java/lang/NoSuchFieldError': method resolution failed> (0x00000007973d1a40) thrown at [/Volumes/android/AOSP-openjdk-git/jdk8u/hotspot/src/share/vm/prims/methodHandles.cpp, line 1167]
Event: 4.339 Thread 0x00007fc481825800 Exception <a 'java/lang/NoSuchFieldError': method resolution failed> (0x00000007973dfd70) thrown at [/Volumes/android/AOSP-openjdk-git/jdk8u/hotspot/src/share/vm/prims/methodHandles.cpp, line 1167]

Events (10 events):
Event: 169.928 Thread 0x00007fc481825800 DEOPT PACKING pc=0x000000010acbbc0c sp=0x00007000002178d0
Event: 169.928 Thread 0x00007fc481825800 DEOPT UNPACKING pc=0x000000010a917f73 sp=0x0000700000217710 mode 1
Event: 169.928 Executing VM operation: RevokeBias
Event: 169.929 Executing VM operation: RevokeBias done
Event: 169.929 Thread 0x00007fc481825800 DEOPT PACKING pc=0x000000010acbbb54 sp=0x0000700000217a60
Event: 169.929 Thread 0x00007fc481825800 DEOPT UNPACKING pc=0x000000010a917f73 sp=0x00007000002178a0 mode 1
Event: 169.956 Executing VM operation: ChangeBreakpoints
Event: 169.957 Executing VM operation: ChangeBreakpoints done
Event: 169.958 Executing VM operation: ChangeBreakpoints
Event: 169.958 Executing VM operation: ChangeBreakpoints done


Dynamic libraries:
0x0000000001f7b000 	/System/Library/Frameworks/Cocoa.framework/Versions/A/Cocoa
0x0000000001f7b000 	/System/Library/Frameworks/Security.framework/Versions/A/Security
0x0000000001f7b000 	/System/Library/Frameworks/ApplicationServices.framework/Versions/A/ApplicationServices
0x0000000001f7b000 	/usr/lib/libz.1.dylib
0x0000000001f7b000 	/usr/lib/libSystem.B.dylib
0x0000000001f7b000 	/System/Library/Frameworks/CoreFoundation.framework/Versions/A/CoreFoundation
0x0000000001f7b000 	/System/Library/Frameworks/Foundation.framework/Versions/C/Foundation
0x0000000001f7b000 	/usr/lib/libobjc.A.dylib
0x0000000001f7b000 	/System/Library/Frameworks/AppKit.framework/Versions/C/AppKit
0x0000000001f7b000 	/System/Library/Frameworks/CoreData.framework/Versions/A/CoreData
0x0000000001f7b000 	/System/Library/PrivateFrameworks/RemoteViewServices.framework/Versions/A/RemoteViewServices
0x0000000001f7b000 	/System/Library/PrivateFrameworks/UIFoundation.framework/Versions/A/UIFoundation
0x0000000001f7b000 	/usr/lib/libScreenReader.dylib
0x0000000001f7b000 	/System/Library/Frameworks/Accelerate.framework/Versions/A/Accelerate
0x0000000001f7b000 	/System/Library/Frameworks/IOSurface.framework/Versions/A/IOSurface
0x0000000001f7b000 	/System/Library/Frameworks/AudioToolbox.framework/Versions/A/AudioToolbox
0x0000000001f7b000 	/System/Library/Frameworks/AudioUnit.framework/Versions/A/AudioUnit
0x0000000001f7b000 	/System/Library/PrivateFrameworks/DataDetectorsCore.framework/Versions/A/DataDetectorsCore
0x0000000001f7b000 	/System/Library/PrivateFrameworks/DesktopServicesPriv.framework/Versions/A/DesktopServicesPriv
0x0000000001f7b000 	/System/Library/Frameworks/Carbon.framework/Versions/A/Frameworks/HIToolbox.framework/Versions/A/HIToolbox
0x0000000001f7b000 	/System/Library/Frameworks/QuartzCore.framework/Versions/A/QuartzCore
0x0000000001f7b000 	/System/Library/Frameworks/Carbon.framework/Versions/A/Frameworks/SpeechRecognition.framework/Versions/A/SpeechRecognition
0x0000000001f7b000 	/usr/lib/libauto.dylib
0x0000000001f7b000 	/usr/lib/libicucore.A.dylib
0x0000000001f7b000 	/usr/lib/libxml2.2.dylib
0x0000000001f7b000 	/System/Library/PrivateFrameworks/CoreUI.framework/Versions/A/CoreUI
0x0000000001f7b000 	/System/Library/Frameworks/CoreAudio.framework/Versions/A/CoreAudio
0x0000000001f7b000 	/System/Library/Frameworks/DiskArbitration.framework/Versions/A/DiskArbitration
0x0000000001f7b000 	/usr/lib/liblangid.dylib
0x0000000001f7b000 	/System/Library/PrivateFrameworks/MultitouchSupport.framework/Versions/A/MultitouchSupport
0x0000000001f7b000 	/System/Library/Frameworks/IOKit.framework/Versions/A/IOKit
0x0000000001f7b000 	/usr/lib/libDiagnosticMessagesClient.dylib
0x0000000001f7b000 	/System/Library/Frameworks/CoreServices.framework/Versions/A/CoreServices
0x0000000001f7b000 	/System/Library/PrivateFrameworks/PerformanceAnalysis.framework/Versions/A/PerformanceAnalysis
0x0000000001f7b000 	/System/Library/PrivateFrameworks/GenerationalStorage.framework/Versions/A/GenerationalStorage
0x0000000001f7b000 	/System/Library/Frameworks/OpenGL.framework/Versions/A/OpenGL
0x0000000001f7b000 	/System/Library/PrivateFrameworks/Sharing.framework/Versions/A/Sharing
0x0000000001f7b000 	/System/Library/Frameworks/CoreGraphics.framework/Versions/A/CoreGraphics
0x0000000001f7b000 	/System/Library/Frameworks/CoreImage.framework/Versions/A/CoreImage
0x0000000001f7b000 	/System/Library/Frameworks/CoreText.framework/Versions/A/CoreText
0x0000000001f7b000 	/System/Library/Frameworks/ImageIO.framework/Versions/A/ImageIO
0x0000000001f7b000 	/System/Library/PrivateFrameworks/Backup.framework/Versions/A/Backup
0x0000000001f7b000 	/usr/lib/libextension.dylib
0x0000000001f7b000 	/usr/lib/libarchive.2.dylib
0x0000000001f7b000 	/System/Library/Frameworks/CFNetwork.framework/Versions/A/CFNetwork
0x0000000001f7b000 	/System/Library/Frameworks/SystemConfiguration.framework/Versions/A/SystemConfiguration
0x0000000001f7b000 	/usr/lib/libCRFSuite.dylib
0x0000000001f7b000 	/usr/lib/libc++.1.dylib
0x0000000001f7b000 	/usr/lib/libc++abi.dylib
0x0000000001f7b000 	/usr/lib/system/libcache.dylib
0x0000000001f7b000 	/usr/lib/system/libcommonCrypto.dylib
0x0000000001f7b000 	/usr/lib/system/libcompiler_rt.dylib
0x0000000001f7b000 	/usr/lib/system/libcopyfile.dylib
0x0000000001f7b000 	/usr/lib/system/libcorecrypto.dylib
0x0000000001f7b000 	/usr/lib/system/libdispatch.dylib
0x0000000001f7b000 	/usr/lib/system/libdyld.dylib
0x0000000001f7b000 	/usr/lib/system/libkeymgr.dylib
0x0000000001f7b000 	/usr/lib/system/liblaunch.dylib
0x0000000001f7b000 	/usr/lib/system/libmacho.dylib
0x0000000001f7b000 	/usr/lib/system/libquarantine.dylib
0x0000000001f7b000 	/usr/lib/system/libremovefile.dylib
0x0000000001f7b000 	/usr/lib/system/libsystem_asl.dylib
0x0000000001f7b000 	/usr/lib/system/libsystem_blocks.dylib
0x0000000001f7b000 	/usr/lib/system/libsystem_c.dylib
0x0000000001f7b000 	/usr/lib/system/libsystem_configuration.dylib
0x0000000001f7b000 	/usr/lib/system/libsystem_coreservices.dylib
0x0000000001f7b000 	/usr/lib/system/libsystem_coretls.dylib
0x0000000001f7b000 	/usr/lib/system/libsystem_dnssd.dylib
0x0000000001f7b000 	/usr/lib/system/libsystem_info.dylib
0x0000000001f7b000 	/usr/lib/system/libsystem_kernel.dylib
0x0000000001f7b000 	/usr/lib/system/libsystem_m.dylib
0x0000000001f7b000 	/usr/lib/system/libsystem_malloc.dylib
0x0000000001f7b000 	/usr/lib/system/libsystem_network.dylib
0x0000000001f7b000 	/usr/lib/system/libsystem_networkextension.dylib
0x0000000001f7b000 	/usr/lib/system/libsystem_notify.dylib
0x0000000001f7b000 	/usr/lib/system/libsystem_platform.dylib
0x0000000001f7b000 	/usr/lib/system/libsystem_pthread.dylib
0x0000000001f7b000 	/usr/lib/system/libsystem_sandbox.dylib
0x0000000001f7b000 	/usr/lib/system/libsystem_secinit.dylib
0x0000000001f7b000 	/usr/lib/system/libsystem_trace.dylib
0x0000000001f7b000 	/usr/lib/system/libunc.dylib
0x0000000001f7b000 	/usr/lib/system/libunwind.dylib
0x0000000001f7b000 	/usr/lib/system/libxpc.dylib
0x0000000001f7b000 	/usr/lib/libenergytrace.dylib
0x0000000001f7b000 	/usr/lib/libbsm.0.dylib
0x0000000001f7b000 	/usr/lib/system/libkxld.dylib
0x0000000001f7b000 	/usr/lib/libxar.1.dylib
0x0000000001f7b000 	/usr/lib/libsqlite3.dylib
0x0000000001f7b000 	/usr/lib/libpam.2.dylib
0x0000000001f7b000 	/usr/lib/libOpenScriptingUtil.dylib
0x0000000001f7b000 	/usr/lib/libbz2.1.0.dylib
0x0000000001f7b000 	/usr/lib/liblzma.5.dylib
0x0000000001f7b000 	/System/Library/Frameworks/CoreServices.framework/Versions/A/Frameworks/FSEvents.framework/Versions/A/FSEvents
0x0000000001f7b000 	/System/Library/Frameworks/CoreServices.framework/Versions/A/Frameworks/CarbonCore.framework/Versions/A/CarbonCore
0x0000000001f7b000 	/System/Library/Frameworks/CoreServices.framework/Versions/A/Frameworks/Metadata.framework/Versions/A/Metadata
0x0000000001f7b000 	/System/Library/Frameworks/CoreServices.framework/Versions/A/Frameworks/OSServices.framework/Versions/A/OSServices
0x0000000001f7b000 	/System/Library/Frameworks/CoreServices.framework/Versions/A/Frameworks/SearchKit.framework/Versions/A/SearchKit
0x0000000001f7b000 	/System/Library/Frameworks/CoreServices.framework/Versions/A/Frameworks/AE.framework/Versions/A/AE
0x0000000001f7b000 	/System/Library/Frameworks/CoreServices.framework/Versions/A/Frameworks/LaunchServices.framework/Versions/A/LaunchServices
0x0000000001f7b000 	/System/Library/Frameworks/CoreServices.framework/Versions/A/Frameworks/DictionaryServices.framework/Versions/A/DictionaryServices
0x0000000001f7b000 	/System/Library/Frameworks/CoreServices.framework/Versions/A/Frameworks/SharedFileList.framework/Versions/A/SharedFileList
0x0000000001f7b000 	/System/Library/Frameworks/NetFS.framework/Versions/A/NetFS
0x0000000001f7b000 	/System/Library/PrivateFrameworks/NetAuth.framework/Versions/A/NetAuth
0x0000000001f7b000 	/System/Library/PrivateFrameworks/login.framework/Versions/A/Frameworks/loginsupport.framework/Versions/A/loginsupport
0x0000000001f7b000 	/System/Library/PrivateFrameworks/TCC.framework/Versions/A/TCC
0x0000000001f7b000 	/usr/lib/libmecabra.dylib
0x0000000001f7b000 	/System/Library/Frameworks/ApplicationServices.framework/Versions/A/Frameworks/ATS.framework/Versions/A/ATS
0x0000000001f7b000 	/System/Library/Frameworks/ApplicationServices.framework/Versions/A/Frameworks/ColorSync.framework/Versions/A/ColorSync
0x0000000001f7b000 	/System/Library/Frameworks/ApplicationServices.framework/Versions/A/Frameworks/HIServices.framework/Versions/A/HIServices
0x0000000001f7b000 	/System/Library/Frameworks/ApplicationServices.framework/Versions/A/Frameworks/LangAnalysis.framework/Versions/A/LangAnalysis
0x0000000001f7b000 	/System/Library/Frameworks/ApplicationServices.framework/Versions/A/Frameworks/PrintCore.framework/Versions/A/PrintCore
0x0000000001f7b000 	/System/Library/Frameworks/ApplicationServices.framework/Versions/A/Frameworks/QD.framework/Versions/A/QD
0x0000000001f7b000 	/System/Library/Frameworks/ApplicationServices.framework/Versions/A/Frameworks/SpeechSynthesis.framework/Versions/A/SpeechSynthesis
0x0000000001f7b000 	/System/Library/Frameworks/Metal.framework/Versions/A/Metal
0x0000000001f7b000 	/System/Library/Frameworks/Accelerate.framework/Versions/A/Frameworks/vImage.framework/Versions/A/vImage
0x0000000001f7b000 	/System/Library/Frameworks/Accelerate.framework/Versions/A/Frameworks/vecLib.framework/Versions/A/vecLib
0x0000000001f7b000 	/System/Library/Frameworks/Accelerate.framework/Versions/A/Frameworks/vecLib.framework/Versions/A/libvDSP.dylib
0x0000000001f7b000 	/System/Library/Frameworks/Accelerate.framework/Versions/A/Frameworks/vecLib.framework/Versions/A/libvMisc.dylib
0x0000000001f7b000 	/System/Library/Frameworks/Accelerate.framework/Versions/A/Frameworks/vecLib.framework/Versions/A/libLAPACK.dylib
0x0000000001f7b000 	/System/Library/Frameworks/Accelerate.framework/Versions/A/Frameworks/vecLib.framework/Versions/A/libBLAS.dylib
0x0000000001f7b000 	/System/Library/Frameworks/Accelerate.framework/Versions/A/Frameworks/vecLib.framework/Versions/A/libLinearAlgebra.dylib
0x0000000001f7b000 	/System/Library/Frameworks/Accelerate.framework/Versions/A/Frameworks/vecLib.framework/Versions/A/libSparseBLAS.dylib
0x0000000001f7b000 	/System/Library/PrivateFrameworks/GPUCompiler.framework/libmetal_timestamp.dylib
0x0000000001f7b000 	/System/Library/Frameworks/OpenGL.framework/Versions/A/Libraries/libCoreFSCache.dylib
0x0000000001f7b000 	/System/Library/PrivateFrameworks/IOAccelerator.framework/Versions/A/IOAccelerator
0x0000000001f7b000 	/System/Library/Frameworks/ApplicationServices.framework/Versions/A/Frameworks/ATS.framework/Versions/A/Resources/libFontParser.dylib
0x0000000001f7b000 	/System/Library/Frameworks/ApplicationServices.framework/Versions/A/Frameworks/ATS.framework/Versions/A/Resources/libFontRegistry.dylib
0x0000000001f7b000 	/System/Library/PrivateFrameworks/AppleVPA.framework/Versions/A/AppleVPA
0x0000000001f7b000 	/System/Library/PrivateFrameworks/AppleJPEG.framework/Versions/A/AppleJPEG
0x0000000001f7b000 	/System/Library/Frameworks/ImageIO.framework/Versions/A/Resources/libJPEG.dylib
0x0000000001f7b000 	/System/Library/Frameworks/ImageIO.framework/Versions/A/Resources/libTIFF.dylib
0x0000000001f7b000 	/System/Library/Frameworks/ImageIO.framework/Versions/A/Resources/libPng.dylib
0x0000000001f7b000 	/System/Library/Frameworks/ImageIO.framework/Versions/A/Resources/libGIF.dylib
0x0000000001f7b000 	/System/Library/Frameworks/ImageIO.framework/Versions/A/Resources/libJP2.dylib
0x0000000001f7b000 	/System/Library/Frameworks/ImageIO.framework/Versions/A/Resources/libRadiance.dylib
0x0000000001f7b000 	/System/Library/Frameworks/CoreVideo.framework/Versions/A/CoreVideo
0x0000000001f7b000 	/System/Library/Frameworks/OpenGL.framework/Versions/A/Libraries/libGLU.dylib
0x0000000001f7b000 	/System/Library/Frameworks/OpenGL.framework/Versions/A/Libraries/libGFXShared.dylib
0x0000000001f7b000 	/System/Library/Frameworks/OpenGL.framework/Versions/A/Libraries/libGL.dylib
0x0000000001f7b000 	/System/Library/Frameworks/OpenGL.framework/Versions/A/Libraries/libGLImage.dylib
0x0000000001f7b000 	/System/Library/Frameworks/OpenGL.framework/Versions/A/Libraries/libCVMSPluginSupport.dylib
0x0000000001f7b000 	/System/Library/Frameworks/OpenGL.framework/Versions/A/Libraries/libCoreVMClient.dylib
0x0000000001f7b000 	/usr/lib/libcompression.dylib
0x0000000001f7b000 	/usr/lib/libcups.2.dylib
0x0000000001f7b000 	/System/Library/Frameworks/Kerberos.framework/Versions/A/Kerberos
0x0000000001f7b000 	/System/Library/Frameworks/GSS.framework/Versions/A/GSS
0x0000000001f7b000 	/usr/lib/libresolv.9.dylib
0x0000000001f7b000 	/usr/lib/libiconv.2.dylib
0x0000000001f7b000 	/System/Library/PrivateFrameworks/Heimdal.framework/Versions/A/Heimdal
0x0000000001f7b000 	/usr/lib/libheimdal-asn1.dylib
0x0000000001f7b000 	/System/Library/Frameworks/OpenDirectory.framework/Versions/A/OpenDirectory
0x0000000001f7b000 	/System/Library/PrivateFrameworks/CommonAuth.framework/Versions/A/CommonAuth
0x0000000001f7b000 	/System/Library/Frameworks/OpenDirectory.framework/Versions/A/Frameworks/CFOpenDirectory.framework/Versions/A/CFOpenDirectory
0x0000000001f7b000 	/System/Library/Frameworks/SecurityFoundation.framework/Versions/A/SecurityFoundation
0x0000000001f7b000 	/System/Library/PrivateFrameworks/LanguageModeling.framework/Versions/A/LanguageModeling
0x0000000001f7b000 	/usr/lib/libmarisa.dylib
0x0000000001f7b000 	/usr/lib/libChineseTokenizer.dylib
0x0000000001f7b000 	/usr/lib/libcmph.dylib
0x0000000001f7b000 	/System/Library/Frameworks/ServiceManagement.framework/Versions/A/ServiceManagement
0x0000000001f7b000 	/usr/lib/libxslt.1.dylib
0x0000000001f7b000 	/System/Library/Frameworks/Carbon.framework/Versions/A/Frameworks/Ink.framework/Versions/A/Ink
0x0000000001f7b000 	/usr/lib/libFosl_dynamic.dylib
0x0000000001f7b000 	/System/Library/PrivateFrameworks/FaceCore.framework/Versions/A/FaceCore
0x0000000001f7b000 	/System/Library/Frameworks/OpenCL.framework/Versions/A/OpenCL
0x0000000001f7b000 	/System/Library/PrivateFrameworks/CrashReporterSupport.framework/Versions/A/CrashReporterSupport
0x0000000001f7b000 	/System/Library/PrivateFrameworks/IconServices.framework/Versions/A/IconServices
0x0000000001f7b000 	/System/Library/PrivateFrameworks/Apple80211.framework/Versions/A/Apple80211
0x0000000001f7b000 	/System/Library/Frameworks/CoreWLAN.framework/Versions/A/CoreWLAN
0x0000000001f7b000 	/System/Library/Frameworks/IOBluetooth.framework/Versions/A/IOBluetooth
0x0000000001f7b000 	/System/Library/PrivateFrameworks/CoreWiFi.framework/Versions/A/CoreWiFi
0x0000000001f7b000 	/System/Library/Frameworks/CoreBluetooth.framework/Versions/A/CoreBluetooth
0x0000000001f7b000 	/System/Library/PrivateFrameworks/ChunkingLibrary.framework/Versions/A/ChunkingLibrary
0x0000000001f7b000 	/System/Library/PrivateFrameworks/DebugSymbols.framework/Versions/A/DebugSymbols
0x0000000001f7b000 	/System/Library/PrivateFrameworks/CoreSymbolication.framework/Versions/A/CoreSymbolication
0x0000000001f7b000 	/System/Library/PrivateFrameworks/Symbolication.framework/Versions/A/Symbolication
0x0000000001f7b000 	/System/Library/PrivateFrameworks/SpeechRecognitionCore.framework/Versions/A/SpeechRecognitionCore
0x000000010997f000 	/Applications/Android Studio.app/Contents/jre/jdk/Contents/Home/jre/lib/server/libjvm.dylib
0x0000000001f7b000 	/usr/lib/libstdc++.6.dylib
0x000000010a3e9000 	/Applications/Android Studio.app/Contents/jre/jdk/Contents/Home/jre/lib/libverify.dylib
0x000000010a800000 	/Applications/Android Studio.app/Contents/jre/jdk/Contents/Home/jre/lib/libjava.dylib
0x000000010a834000 	/Applications/Android Studio.app/Contents/jre/jdk/Contents/Home/jre/lib/libjdwp.dylib
0x000000010a3f6000 	/Applications/Android Studio.app/Contents/jre/jdk/Contents/Home/jre/lib/libnpt.dylib
0x000000010a871000 	/Applications/Android Studio.app/Contents/jre/jdk/Contents/Home/jre/lib/libinstrument.dylib
0x000000010a8c8000 	/Applications/Android Studio.app/Contents/jre/jdk/Contents/Home/jre/lib/libzip.dylib
0x000000011fbc2000 	/Applications/Android Studio.app/Contents/jre/jdk/Contents/Home/jre/lib/libdt_socket.dylib
0x000000011fd5c000 	/Applications/Android Studio.app/Contents/jre/jdk/Contents/Home/jre/lib/libmanagement.dylib
0x000000011fd66000 	/Applications/Android Studio.app/Contents/jre/jdk/Contents/Home/jre/lib/libnet.dylib
0x000000011fda2000 	/Applications/Android Studio.app/Contents/jre/jdk/Contents/Home/jre/lib/libattach.dylib

VM Arguments:
jvm_args: -agentlib:jdwp=transport=dt_socket,address=127.0.0.1:51858,suspend=y,server=n -Didea.test.cyclic.buffer.size=1048576 -javaagent:/Users/diegosantos/Library/Caches/AndroidStudio3.0/groovyHotSwap/gragent.jar -Dfile.encoding=UTF-8 
java_command: com.intellij.rt.execution.junit.JUnitStarter -ideVersion5 com.moviepocket.ExampleUnitTest
java_class_path (initial): /Applications/Android Studio.app/Contents/lib/idea_rt.jar:/Applications/Android Studio.app/Contents/plugins/junit/lib/junit-rt.jar:/Users/diegosantos/Library/Android/sdk/platforms/android-27/data/res:/Users/diegosantos/Projects/MoviePocket/app/build/intermediates/classes/debug:/Users/diegosantos/.gradle/caches/modules-2/files-2.1/com.squareup.retrofit2/converter-gson/2.3.0/9e09011e9767bb76b5e27c9b8223476b93b14631/converter-gson-2.3.0.jar:/Users/diegosantos/.gradle/caches/transforms-1/files-1.1/animated-vector-drawable-27.0.2.aar/0d5a048dde2567421a8232dc19bbfbb5/jars/classes.jar:/Users/diegosantos/.gradle/caches/modules-2/files-2.1/net.bytebuddy/byte-buddy/1.6.11/8a8f9409e27f1d62c909c7eef2aa7b3a580b4901/byte-buddy-1.6.11.jar:/Users/diegosantos/.gradle/caches/modules-2/files-2.1/com.google.collections/google-collections/1.0-rc2/9cebebe5d264eb81233027742f776c0d85ce3d6c/google-collections-1.0-rc2.jar:/Users/diegosantos/.gradle/caches/transforms-1/files-1.1/extensions-1.0.0.aar/a712bafd08f892b1cc588642ce615266/jars/classes.jar:/Users/diegosantos/.gradle/caches/modules-2/files-2.1/com.google.code.gson/gson/2.8.1/2a8e0aa38a2e21cb39e2f5a7d6704cbdc941da0/gson-2.8.1.jar:/Users/diegosantos/.gradle/caches/transforms-1/files-1.1/library-1.3.1.aar/d842c34b71e622a3d1d3f2c863cda090/res:/Users/diegosantos/.gradle/caches/transforms-1/files-1.1/library-1.3.1.aar/d842c34b71e622a3d1d3f2c863cda090/jars/classes.jar:/Users/diegosantos/.gradle/caches/modules-2/files-2.1/com.squareup.okhttp3/logging-interceptor/3.8.0/f765f004f3e201bd6ad0904266e605d7fb776d5/logging-interceptor-3.8.0.jar:/Users/diegosantos/.gradle/caches/modules-2/files-2.1/com.github.bumptech.glide/glide/3.8.0/9bada650e1afe9c6174ddc0d113c1fce4dc26fe0/glide-3.8.0.jar:/Users/diegosantos/.gradle/caches/modules-2/files-2.1/org.jetbrains.kotlin/kotlin-stdlib-jre7/1.1.4-2/272a21c30432c943d618008fbbd34762eb0d6c8a/kotlin-stdlib-jre7-1.1.4-2.jar:/Users/diegosantos/.gradle/caches/modules-2/files-2.1/org.gre
Launcher Type: SUN_STANDARD

Environment Variables:
PATH=/usr/local/bin:/usr/bin:/bin:/usr/sbin:/sbin:/Library/Frameworks/Mono.framework/Versions/Current/Commands
SHELL=/bin/bash

Signal Handlers:
SIGSEGV: [libjvm.dylib+0x53e133], sa_mask[0]=11111111011111110111111111111111, sa_flags=SA_ONSTACK|SA_RESTART|SA_SIGINFO
SIGBUS: [libjvm.dylib+0x53e133], sa_mask[0]=11111111011111110111111111111111, sa_flags=SA_RESTART|SA_SIGINFO
SIGFPE: [libjvm.dylib+0x4369af], sa_mask[0]=11111111011111110111111111111111, sa_flags=SA_RESTART|SA_SIGINFO
SIGPIPE: [libjvm.dylib+0x4369af], sa_mask[0]=11111111011111110111111111111111, sa_flags=SA_RESTART|SA_SIGINFO
SIGXFSZ: [libjvm.dylib+0x4369af], sa_mask[0]=11111111011111110111111111111111, sa_flags=SA_RESTART|SA_SIGINFO
SIGILL: [libjvm.dylib+0x4369af], sa_mask[0]=11111111011111110111111111111111, sa_flags=SA_RESTART|SA_SIGINFO
SIGUSR1: SIG_DFL, sa_mask[0]=00000000000000000000000000000000, sa_flags=none
SIGUSR2: [libjvm.dylib+0x4372d4], sa_mask[0]=00100000000000000000000000000000, sa_flags=SA_RESTART|SA_SIGINFO
SIGHUP: [libjvm.dylib+0x4354c9], sa_mask[0]=11111111011111110111111111111111, sa_flags=SA_RESTART|SA_SIGINFO
SIGINT: [libjvm.dylib+0x4354c9], sa_mask[0]=11111111011111110111111111111111, sa_flags=SA_RESTART|SA_SIGINFO
SIGTERM: [libjvm.dylib+0x4354c9], sa_mask[0]=11111111011111110111111111111111, sa_flags=SA_RESTART|SA_SIGINFO
SIGQUIT: [libjvm.dylib+0x4354c9], sa_mask[0]=11111111011111110111111111111111, sa_flags=SA_RESTART|SA_SIGINFO


---------------  S Y S T E M  ---------------

OS:Bsduname:Darwin 15.6.0 Darwin Kernel Version 15.6.0: Tue Jan  9 20:12:05 PST 2018; root:xnu-3248.73.5~1/RELEASE_X86_64 x86_64
rlimit: STACK 8192k, CORE 0k, NPROC 709, NOFILE 10240, AS infinity
load average:3.95 3.64 3.04

CPU:total 2 (initial active 2) (2 cores per cpu, 1 threads per core) family 6 model 23 stepping 10, cmov, cx8, fxsr, mmx, sse, sse2, sse3, ssse3, sse4.1, tsc

Memory: 4k page, physical 8388608k(49980k free)

/proc/meminfo:


vm_info: OpenJDK 64-Bit Server VM (25.152-b08) for bsd-amd64 JRE (1.8.0_152-release-915-b08), built by "builder" with gcc 4.2.1 Compatible Apple LLVM 8.1.0 (clang-802.0.42)

time: Sun Mar  4 17:05:03 2018
elapsed time: 170 seconds (0d 0h 2m 50s)

